<?xml version="1.0" encoding="UTF-8"?>
<!-- Generated by org.testng.reporters.JUnitReportReporter -->
<testsuite hostname="DESKTOP-51LA9NB" name="study.Study1" tests="1" failures="0" timestamp="30 Oct 2021 18:46:13 GMT" time="93.315" errors="0">
  <testcase name="validlogin" time="93.315" classname="study.Study1"/>
</testsuite> <!-- study.Study1 -->
