<?xml version="1.0" encoding="UTF-8"?>
<!-- Generated by org.testng.reporters.JUnitReportReporter -->
<testsuite hostname="DESKTOP-51LA9NB" name="demo2" tests="2" failures="0" timestamp="26 Oct 2021 07:44:48 GMT" time="0.002" errors="0">
  <testcase name="test1" time="0.001" classname="demo2"/>
  <testcase name="test2" time="0.001" classname="demo2"/>
</testsuite> <!-- demo2 -->
