<?xml version="1.0" encoding="UTF-8"?>
<!-- Generated by org.testng.reporters.JUnitReportReporter -->
<testsuite hostname="DESKTOP-51LA9NB" name="rcme.rcme2" tests="1" failures="0" timestamp="11 Nov 2021 16:01:27 GMT" time="0.000" errors="0">
  <testcase name="run" time="0.000" classname="rcme.rcme2"/>
</testsuite> <!-- rcme.rcme2 -->
