<?xml version="1.0" encoding="UTF-8"?>
<!-- Generated by org.testng.reporters.JUnitReportReporter -->
<testsuite hostname="DESKTOP-51LA9NB" name="demo1" tests="1" failures="0" timestamp="26 Oct 2021 08:03:03 GMT" time="0.007" errors="0">
  <testcase name="test4" time="0.007" classname="demo1"/>
</testsuite> <!-- demo1 -->
